Performing C SOURCE FILE Test CMAKE_HAVE_LIBC_PTHREAD failed with the following output:
Change Dir: /home/nuru/Desktop/ANP/anp_netskeleton-master/cmake-build-debug/CMakeFiles/CMakeTmp

Run Build Command(s):/usr/bin/make cmTC_23393/fast && /usr/bin/make  -f CMakeFiles/cmTC_23393.dir/build.make CMakeFiles/cmTC_23393.dir/build
make[1]: Entering directory '/home/nuru/Desktop/ANP/anp_netskeleton-master/cmake-build-debug/CMakeFiles/CMakeTmp'
Building C object CMakeFiles/cmTC_23393.dir/src.c.o
/usr/bin/cc   -DCMAKE_HAVE_LIBC_PTHREAD   -o CMakeFiles/cmTC_23393.dir/src.c.o   -c /home/nuru/Desktop/ANP/anp_netskeleton-master/cmake-build-debug/CMakeFiles/CMakeTmp/src.c
Linking C executable cmTC_23393
/home/nuru/.local/share/JetBrains/Toolbox/apps/CLion/ch-0/202.6948.80/bin/cmake/linux/bin/cmake -E cmake_link_script CMakeFiles/cmTC_23393.dir/link.txt --verbose=1
/usr/bin/cc  -DCMAKE_HAVE_LIBC_PTHREAD    CMakeFiles/cmTC_23393.dir/src.c.o  -o cmTC_23393 
CMakeFiles/cmTC_23393.dir/src.c.o: In function `main':
src.c:(.text+0x3e): undefined reference to `pthread_create'
src.c:(.text+0x4a): undefined reference to `pthread_detach'
src.c:(.text+0x56): undefined reference to `pthread_cancel'
src.c:(.text+0x67): undefined reference to `pthread_join'
src.c:(.text+0x7b): undefined reference to `pthread_atfork'
collect2: error: ld returned 1 exit status
CMakeFiles/cmTC_23393.dir/build.make:106: recipe for target 'cmTC_23393' failed
make[1]: *** [cmTC_23393] Error 1
make[1]: Leaving directory '/home/nuru/Desktop/ANP/anp_netskeleton-master/cmake-build-debug/CMakeFiles/CMakeTmp'
Makefile:141: recipe for target 'cmTC_23393/fast' failed
make: *** [cmTC_23393/fast] Error 2


Source file was:
#include <pthread.h>

void* test_func(void* data)
{
  return data;
}

int main(void)
{
  pthread_t thread;
  pthread_create(&thread, NULL, test_func, NULL);
  pthread_detach(thread);
  pthread_cancel(thread);
  pthread_join(thread, NULL);
  pthread_atfork(NULL, NULL, NULL);
  pthread_exit(NULL);

  return 0;
}

Determining if the function pthread_create exists in the pthreads failed with the following output:
Change Dir: /home/nuru/Desktop/ANP/anp_netskeleton-master/cmake-build-debug/CMakeFiles/CMakeTmp

Run Build Command(s):/usr/bin/make cmTC_c6587/fast && /usr/bin/make  -f CMakeFiles/cmTC_c6587.dir/build.make CMakeFiles/cmTC_c6587.dir/build
make[1]: Entering directory '/home/nuru/Desktop/ANP/anp_netskeleton-master/cmake-build-debug/CMakeFiles/CMakeTmp'
Building C object CMakeFiles/cmTC_c6587.dir/CheckFunctionExists.c.o
/usr/bin/cc   -DCHECK_FUNCTION_EXISTS=pthread_create   -o CMakeFiles/cmTC_c6587.dir/CheckFunctionExists.c.o   -c /home/nuru/.local/share/JetBrains/Toolbox/apps/CLion/ch-0/202.6948.80/bin/cmake/linux/share/cmake-3.17/Modules/CheckFunctionExists.c
Linking C executable cmTC_c6587
/home/nuru/.local/share/JetBrains/Toolbox/apps/CLion/ch-0/202.6948.80/bin/cmake/linux/bin/cmake -E cmake_link_script CMakeFiles/cmTC_c6587.dir/link.txt --verbose=1
/usr/bin/cc  -DCHECK_FUNCTION_EXISTS=pthread_create    CMakeFiles/cmTC_c6587.dir/CheckFunctionExists.c.o  -o cmTC_c6587  -lpthreads 
/usr/bin/ld: cannot find -lpthreads
collect2: error: ld returned 1 exit status
CMakeFiles/cmTC_c6587.dir/build.make:106: recipe for target 'cmTC_c6587' failed
make[1]: *** [cmTC_c6587] Error 1
make[1]: Leaving directory '/home/nuru/Desktop/ANP/anp_netskeleton-master/cmake-build-debug/CMakeFiles/CMakeTmp'
Makefile:141: recipe for target 'cmTC_c6587/fast' failed
make: *** [cmTC_c6587/fast] Error 2



